<?xml version="1.0" encoding="UTF-8"?>
<testsuite name="com.springcloud.routing.RoutingExampleApplicationTests" tests="1" skipped="0" failures="0" errors="0" timestamp="2020-05-09T21:58:51" hostname="INFERNO-YOGA" time="0.244">
  <properties/>
  <testcase name="contextLoads()" classname="com.springcloud.routing.RoutingExampleApplicationTests" time="0.244"/>
  <system-out><![CDATA[17:58:48.119 [Test worker] DEBUG org.springframework.test.context.BootstrapUtils - Instantiating CacheAwareContextLoaderDelegate from class [org.springframework.test.context.cache.DefaultCacheAwareContextLoaderDelegate]
17:58:48.129 [Test worker] DEBUG org.springframework.test.context.BootstrapUtils - Instantiating BootstrapContext using constructor [public org.springframework.test.context.support.DefaultBootstrapContext(java.lang.Class,org.springframework.test.context.CacheAwareContextLoaderDelegate)]
17:58:48.160 [Test worker] DEBUG org.springframework.test.context.BootstrapUtils - Instantiating TestContextBootstrapper for test class [com.springcloud.routing.RoutingExampleApplicationTests] from class [org.springframework.boot.test.context.SpringBootTestContextBootstrapper]
17:58:48.179 [Test worker] INFO org.springframework.boot.test.context.SpringBootTestContextBootstrapper - Neither @ContextConfiguration nor @ContextHierarchy found for test class [com.springcloud.routing.RoutingExampleApplicationTests], using SpringBootContextLoader
17:58:48.180 [Test worker] DEBUG org.springframework.test.context.support.AbstractContextLoader - Did not detect default resource location for test class [com.springcloud.routing.RoutingExampleApplicationTests]: class path resource [com/springcloud/routing/RoutingExampleApplicationTests-context.xml] does not exist
17:58:48.180 [Test worker] DEBUG org.springframework.test.context.support.AbstractContextLoader - Did not detect default resource location for test class [com.springcloud.routing.RoutingExampleApplicationTests]: class path resource [com/springcloud/routing/RoutingExampleApplicationTestsContext.groovy] does not exist
17:58:48.180 [Test worker] INFO org.springframework.test.context.support.AbstractContextLoader - Could not detect default resource locations for test class [com.springcloud.routing.RoutingExampleApplicationTests]: no resource found for suffixes {-context.xml, Context.groovy}.
17:58:48.184 [Test worker] INFO org.springframework.test.context.support.AnnotationConfigContextLoaderUtils - Could not detect default configuration classes for test class [com.springcloud.routing.RoutingExampleApplicationTests]: RoutingExampleApplicationTests does not declare any static, non-private, non-final, nested classes annotated with @Configuration.
17:58:48.225 [Test worker] DEBUG org.springframework.test.context.support.ActiveProfilesUtils - Could not find an 'annotation declaring class' for annotation type [org.springframework.test.context.ActiveProfiles] and class [com.springcloud.routing.RoutingExampleApplicationTests]
17:58:48.302 [Test worker] DEBUG org.springframework.context.annotation.ClassPathScanningCandidateComponentProvider - Identified candidate component class: file [C:\development\stsWorkspace\SpringBootTraining\routing-example\build\classes\java\main\com\springcloud\routing\RoutingExampleApplication.class]
17:58:48.303 [Test worker] INFO org.springframework.boot.test.context.SpringBootTestContextBootstrapper - Found @SpringBootConfiguration com.springcloud.routing.RoutingExampleApplication for test class com.springcloud.routing.RoutingExampleApplicationTests
17:58:48.401 [Test worker] DEBUG org.springframework.boot.test.context.SpringBootTestContextBootstrapper - @TestExecutionListeners is not present for class [com.springcloud.routing.RoutingExampleApplicationTests]: using defaults.
17:58:48.402 [Test worker] INFO org.springframework.boot.test.context.SpringBootTestContextBootstrapper - Loaded default TestExecutionListener class names from location [META-INF/spring.factories]: [org.springframework.boot.test.autoconfigure.restdocs.RestDocsTestExecutionListener, org.springframework.boot.test.autoconfigure.web.client.MockRestServiceServerResetTestExecutionListener, org.springframework.boot.test.autoconfigure.web.servlet.MockMvcPrintOnlyOnFailureTestExecutionListener, org.springframework.boot.test.autoconfigure.web.servlet.WebDriverTestExecutionListener, org.springframework.boot.test.mock.mockito.MockitoTestExecutionListener, org.springframework.boot.test.mock.mockito.ResetMocksTestExecutionListener, org.springframework.test.context.web.ServletTestExecutionListener, org.springframework.test.context.support.DirtiesContextBeforeModesTestExecutionListener, org.springframework.test.context.support.DependencyInjectionTestExecutionListener, org.springframework.test.context.support.DirtiesContextTestExecutionListener, org.springframework.test.context.transaction.TransactionalTestExecutionListener, org.springframework.test.context.jdbc.SqlScriptsTestExecutionListener, org.springframework.test.context.event.EventPublishingTestExecutionListener]
17:58:48.411 [Test worker] DEBUG org.springframework.boot.test.context.SpringBootTestContextBootstrapper - Skipping candidate TestExecutionListener [org.springframework.test.context.transaction.TransactionalTestExecutionListener] due to a missing dependency. Specify custom listener classes or make the default listener classes and their required dependencies available. Offending class: [org/springframework/transaction/interceptor/TransactionAttributeSource]
17:58:48.414 [Test worker] DEBUG org.springframework.boot.test.context.SpringBootTestContextBootstrapper - Skipping candidate TestExecutionListener [org.springframework.test.context.jdbc.SqlScriptsTestExecutionListener] due to a missing dependency. Specify custom listener classes or make the default listener classes and their required dependencies available. Offending class: [org/springframework/transaction/interceptor/TransactionAttribute]
17:58:48.414 [Test worker] INFO org.springframework.boot.test.context.SpringBootTestContextBootstrapper - Using TestExecutionListeners: [org.springframework.test.context.web.ServletTestExecutionListener@2fa671db, org.springframework.test.context.support.DirtiesContextBeforeModesTestExecutionListener@31a21fa4, org.springframework.boot.test.mock.mockito.MockitoTestExecutionListener@484ccdf6, org.springframework.boot.test.autoconfigure.SpringBootDependencyInjectionTestExecutionListener@6dd9dc6d, org.springframework.test.context.support.DirtiesContextTestExecutionListener@71ed50a4, org.springframework.test.context.event.EventPublishingTestExecutionListener@50933e02, org.springframework.boot.test.autoconfigure.restdocs.RestDocsTestExecutionListener@7e1e6a9b, org.springframework.boot.test.autoconfigure.web.client.MockRestServiceServerResetTestExecutionListener@5d87fb81, org.springframework.boot.test.autoconfigure.web.servlet.MockMvcPrintOnlyOnFailureTestExecutionListener@46f4e8e5, org.springframework.boot.test.autoconfigure.web.servlet.WebDriverTestExecutionListener@f5ead17, org.springframework.boot.test.mock.mockito.ResetMocksTestExecutionListener@21944d5]
17:58:48.416 [Test worker] DEBUG org.springframework.test.context.support.AbstractDirtiesContextTestExecutionListener - Before test class: context [DefaultTestContext@1717c153 testClass = RoutingExampleApplicationTests, testInstance = [null], testMethod = [null], testException = [null], mergedContextConfiguration = [WebMergedContextConfiguration@2e0cfca9 testClass = RoutingExampleApplicationTests, locations = '{}', classes = '{class com.springcloud.routing.RoutingExampleApplication}', contextInitializerClasses = '[]', activeProfiles = '{}', propertySourceLocations = '{}', propertySourceProperties = '{org.springframework.boot.test.context.SpringBootTestContextBootstrapper=true}', contextCustomizers = set[org.springframework.boot.test.autoconfigure.properties.PropertyMappingContextCustomizer@0, org.springframework.boot.test.autoconfigure.web.servlet.WebDriverContextCustomizerFactory$Customizer@5c120b73, org.springframework.boot.test.context.filter.ExcludeFilterContextCustomizer@6aa06ed0, org.springframework.boot.test.json.DuplicateJsonObjectContextCustomizerFactory$DuplicateJsonObjectContextCustomizer@384116b3, org.springframework.boot.test.mock.mockito.MockitoContextCustomizer@0, org.springframework.boot.test.web.client.TestRestTemplateContextCustomizer@3f7f5299], resourceBasePath = 'src/main/webapp', contextLoader = 'org.springframework.boot.test.context.SpringBootContextLoader', parent = [null]], attributes = map['org.springframework.test.context.web.ServletTestExecutionListener.activateListener' -> true]], class annotated with @DirtiesContext [false] with mode [null].
17:58:48.448 [Test worker] DEBUG org.springframework.test.context.support.TestPropertySourceUtils - Adding inlined properties to environment: {spring.jmx.enabled=false, org.springframework.boot.test.context.SpringBootTestContextBootstrapper=true, server.port=-1}

  .   ____          _            __ _ _
 /\\ / ___'_ __ _ _(_)_ __  __ _ \ \ \ \
( ( )\___ | '_ | '_| | '_ \/ _` | \ \ \ \
 \\/  ___)| |_)| | | | | || (_| |  ) ) ) )
  '  |____| .__|_| |_|_| |_\__, | / / / /
 =========|_|==============|___/=/_/_/_/
 :: Spring Boot ::        (v2.2.6.RELEASE)

2020-05-09 17:58:49.543  INFO 692 --- [    Test worker] c.c.c.ConfigServicePropertySourceLocator : Fetching config from server at : http://localhost:8888
2020-05-09 17:58:50.177  INFO 692 --- [    Test worker] c.c.c.ConfigServicePropertySourceLocator : Located environment: name=book, profiles=[default], label=null, version=84d27fe86b861c5b95433b49791f054ca4ea36a5, state=null
2020-05-09 17:58:50.179  INFO 692 --- [    Test worker] b.c.PropertySourceBootstrapConfiguration : Located property source: [BootstrapPropertySource {name='bootstrapProperties-configClient'}, BootstrapPropertySource {name='bootstrapProperties-https://github.com/rax215/git-tutorial.git/book.properties'}]
2020-05-09 17:58:50.200  INFO 692 --- [    Test worker] c.s.r.RoutingExampleApplicationTests     : No active profile set, falling back to default profiles: default
2020-05-09 17:58:50.752  INFO 692 --- [    Test worker] o.s.cloud.context.scope.GenericScope     : BeanFactory id=ebda6b03-0920-3d26-ba17-6a3da0ec0133
2020-05-09 17:58:51.366  INFO 692 --- [    Test worker] o.s.s.concurrent.ThreadPoolTaskExecutor  : Initializing ExecutorService 'applicationTaskExecutor'
2020-05-09 17:58:51.871  INFO 692 --- [    Test worker] c.s.r.RoutingExampleApplicationTests     : Started RoutingExampleApplicationTests in 3.414 seconds (JVM running for 4.543)
]]></system-out>
  <system-err><![CDATA[]]></system-err>
</testsuite>
